<?xml version="1.0" encoding="UTF-8"?>
<!-- Generated by org.testng.reporters.JUnitReportReporter -->
<testsuite hostname="GUDU-PC" name="testRunner.TestNGRunner" tests="1" failures="0" timestamp="25 May 2021 03:32:54 GMT" time="32.979" errors="0">
  <testcase name="feature" time="32.979" classname="testRunner.TestNGRunner"/>
</testsuite> <!-- testRunner.TestNGRunner -->
